<?xml version="1.0" encoding="UTF-8"?>
<!-- Generated by org.testng.reporters.JUnitReportReporter -->
<testsuite hostname="LAPTOP-LUAOCDJJ" failures="0" tests="2" name="zoho.runner.MyRunner" time="74.270" errors="0" timestamp="2024-12-21T16:48:28 EST" skipped="0">
  <testcase classname="zoho.runner.MyRunner" name="runScenario" time="33.300"/>
  <system-out/>
  <testcase classname="zoho.runner.MyRunner" name="runScenario" time="40.970"/>
  <system-out/>
</testsuite> <!-- zoho.runner.MyRunner -->
